22:18:34.762 [sbt-bg-threads-1] INFO  GenerateLogData$ - Log data generator started...
22:18:34.918 [sbt-bg-threads-1] WARN  HelperUtils.Parameters$ - Max count 100 is used to create records instead of timeouts
22:18:41.829 [scala-execution-context-global-264] WARN  HelperUtils.Parameters$ - s%]s,+2k|D}K7b/XCwG&@7HDPR8z
22:18:46.096 [scala-execution-context-global-264] INFO  HelperUtils.Parameters$ - ;kNI&V%v<c#eSDK@lPY(
22:18:53.934 [scala-execution-context-global-264] INFO  HelperUtils.Parameters$ - l9]|92!uHUQ/IVcz~(;.Uz%K*5jTUd08
22:18:57.344 [scala-execution-context-global-264] INFO  HelperUtils.Parameters$ - G3sw7^U<^q^Cl!aMTDbNz<:$;?e<.0JD_'
22:18:59.315 [scala-execution-context-global-264] WARN  HelperUtils.Parameters$ - A><YFqpg+~"E1T
22:19:05.008 [scala-execution-context-global-264] DEBUG HelperUtils.Parameters$ - JrQB;P0"&+6;&Dk-
22:19:08.006 [scala-execution-context-global-264] INFO  HelperUtils.Parameters$ - OsI1`qAeU5H;\+
22:19:10.222 [scala-execution-context-global-264] INFO  HelperUtils.Parameters$ - [h!Q9PEY>L(NpKLBO"Gjo:=4kRXQ_tZ!
22:19:11.663 [scala-execution-context-global-264] INFO  HelperUtils.Parameters$ - B?y&C"C5rsb:2037;f&|vM#x?z|Ny|&<44Z8B&rF1#&M
22:19:19.378 [scala-execution-context-global-264] WARN  HelperUtils.Parameters$ - x2oBSI0/\%CdfV2%ChSsnZ7vJo=2qJqZ%."kbc!0ne`y&m
22:19:23.186 [scala-execution-context-global-264] ERROR HelperUtils.Parameters$ - ihu}!A2]*07}|,lc
22:19:32.610 [scala-execution-context-global-264] INFO  HelperUtils.Parameters$ - CC]>~R#,^#0JWyESarZdETDcvk)Yk'I?
22:19:33.744 [scala-execution-context-global-264] WARN  HelperUtils.Parameters$ - Swq;g+6M:?820=Gmd#.p)sFaqoKc^mm](.A8Z-4-].tp|cfR\~rc(m^{
22:19:43.210 [scala-execution-context-global-264] INFO  HelperUtils.Parameters$ - zXK=Fze%-6Iv-^q{zhG|EUzvd);tOj-:
22:19:51.356 [scala-execution-context-global-264] INFO  HelperUtils.Parameters$ - ^<A>61@{3[KEk@M/Xh-q%sco3Dkwq~
22:19:59.045 [scala-execution-context-global-264] WARN  HelperUtils.Parameters$ - Bv^B8Re'$VG)[P".g*?f<G\l5n.18B|i<E&rgPQZ;wBeA{4O/fy+Pp
22:20:02.596 [scala-execution-context-global-264] WARN  HelperUtils.Parameters$ - k1H+R#/%d0>Q>N:6\enT]U
22:20:07.234 [scala-execution-context-global-264] INFO  HelperUtils.Parameters$ - 8G;,3m_T`G#H]&Yh:Ei1%fp''5`U9fJ8gbf1K9pae0ae2%<Bqz8fMm#{JWqMdoc_2N/|wf8]
22:20:16.481 [scala-execution-context-global-264] DEBUG HelperUtils.Parameters$ - 1o$@(cv:7$x<6G@5ZCLD
22:20:20.158 [scala-execution-context-global-264] WARN  HelperUtils.Parameters$ - d%<Kmj=.K\S*
22:20:26.076 [scala-execution-context-global-264] INFO  HelperUtils.Parameters$ - b|F^d}mKxK';jp~MtS'%%ai_"3qAr8o2;R&5XDZQ
22:20:27.904 [scala-execution-context-global-264] DEBUG HelperUtils.Parameters$ - ~~zkJsK\$COR[*)#$^x,.z41)+0aNH#PtO-]_,T8,cq5
22:20:31.785 [scala-execution-context-global-264] INFO  HelperUtils.Parameters$ - fyEkdCb"1Rd$}&\j1uc1<%;L{%v'"cQfkYq_~(V+
22:20:33.369 [scala-execution-context-global-264] INFO  HelperUtils.Parameters$ - 5Y'8}pSZ4:P>>EjYLIT;Q>2K@S^t8=SDF'\!`.JV@glE|L
22:20:34.452 [scala-execution-context-global-264] INFO  HelperUtils.Parameters$ - $lG552cjQ,>z((<@l^c"+$tui8.\m(ZpTy/a3K"Po=1yX]aua)C2xPqo
22:20:41.465 [scala-execution-context-global-264] INFO  HelperUtils.Parameters$ - ~KrX7Ewh~tk8T2(tfl~m7k"(]:(3[frh3F?%.n
22:20:43.663 [scala-execution-context-global-264] WARN  HelperUtils.Parameters$ - fO$J3We7H_^sDE0t.H^NHl<a#<FQ1QsHu'X7YH|*TVMd
22:20:49.494 [scala-execution-context-global-264] INFO  HelperUtils.Parameters$ - i.h?yr'a?-pd-:8J$O/Pz-uM2!
22:20:51.563 [scala-execution-context-global-264] INFO  HelperUtils.Parameters$ - o$rMwUSeF]Yr~1lU$b*U
22:20:56.738 [scala-execution-context-global-264] WARN  HelperUtils.Parameters$ - `+320t.l!?ZA##&\*1]7KDPE)9gH7oI6obf2cg1ag1ag3ce3w>eNl:c'/B`*Sw]|A6fVv>Y#xS<
22:21:00.232 [scala-execution-context-global-264] ERROR HelperUtils.Parameters$ - CRhN~GhVV&f>]]x$lj(71@`y?){rcvng`0eaLG
22:21:02.429 [scala-execution-context-global-264] WARN  HelperUtils.Parameters$ - [okhIFX`G)</]q]7v#Ne
22:21:06.788 [scala-execution-context-global-264] WARN  HelperUtils.Parameters$ - XQ9-3L?:?"6$Q%Pp[$Fw
22:21:12.876 [scala-execution-context-global-264] INFO  HelperUtils.Parameters$ - *)JyM{sH"}}fs-q;5D
22:21:14.350 [scala-execution-context-global-264] INFO  HelperUtils.Parameters$ - (2k}b_kz_Rv-PHT6
22:21:17.967 [scala-execution-context-global-264] INFO  HelperUtils.Parameters$ - Va>FxibaOi1aD!g>_r62FMq$]_)@bG
22:21:21.946 [scala-execution-context-global-264] WARN  HelperUtils.Parameters$ - )b<8qT(P}<'9@=c<:@9^7(j0O;a\
22:21:31.492 [scala-execution-context-global-264] WARN  HelperUtils.Parameters$ - t"6.H_r]GF,}s{K-Z^o'MP"AHu8!UJw7u\7Ssf7l?6W~?Boh4F
22:21:41.347 [scala-execution-context-global-264] DEBUG HelperUtils.Parameters$ - 0zr;j'BR"fUK>J&-(*4+
22:21:45.914 [scala-execution-context-global-264] INFO  HelperUtils.Parameters$ - aLy/Eo#R)HRwM^]k:'xN|h>(,cbFT_PxvO]I;1;dWiC"3oh24`GXOw}H`i
22:21:54.635 [scala-execution-context-global-264] WARN  HelperUtils.Parameters$ - ]A~p:`WupO!+}*<q4uZC:c4[
22:22:01.648 [scala-execution-context-global-264] INFO  HelperUtils.Parameters$ - 0SKi_HEoX[aROR
22:22:09.811 [scala-execution-context-global-264] INFO  HelperUtils.Parameters$ - MOs/Ecd~AuGU?Rw"Q0\E]Bfl!G^t>a!E^+ih
22:22:19.797 [scala-execution-context-global-264] INFO  HelperUtils.Parameters$ - +s9wJauB=VjMsV%gGPVGB.c);\9R)kwLQ4Ma
22:22:22.851 [scala-execution-context-global-264] DEBUG HelperUtils.Parameters$ - >(UxzdIK-aseZTBn*m&u5u
22:22:25.242 [scala-execution-context-global-264] WARN  HelperUtils.Parameters$ - TNjBJ0A=XD7jcg3ce1M7fQ7ngqlOa]>c,
22:22:34.322 [scala-execution-context-global-264] INFO  HelperUtils.Parameters$ - G%Z5)C6?Q+Ql@jxN}aF[9Kq"__0P$#oq#5K!v(7DtA
22:22:39.814 [scala-execution-context-global-264] INFO  HelperUtils.Parameters$ - nDBR'N!PouJJqCUkI2yE1ovz%O3lMg[X9'D^;n|Ppi^Gs^sO&^60MxF&RR
22:22:42.123 [scala-execution-context-global-264] INFO  HelperUtils.Parameters$ - h`9z8dN-dcyCKQZ+"Dx|RE#[r3]L7e~xuLyA,S8&GXAM#4B;$S
22:22:46.115 [scala-execution-context-global-264] INFO  HelperUtils.Parameters$ - j-9[]{O.h<)ETRntxP*x
22:22:50.026 [scala-execution-context-global-264] INFO  HelperUtils.Parameters$ - Ooire-zVJQC)ZK+`vp
22:22:55.422 [scala-execution-context-global-264] INFO  HelperUtils.Parameters$ - q^bhcNhL+d;<!N@[:=Xg*tcPRQ'bRUR/K-'rY<K~]D=@;!b*:?cAn;HH
22:23:02.508 [scala-execution-context-global-264] INFO  HelperUtils.Parameters$ - [Parf7kid{o\u%3>HkQXyGfi
22:23:08.529 [scala-execution-context-global-264] INFO  HelperUtils.Parameters$ - 2`1'H^eYV8}K~%9w\\)3>y
22:23:10.816 [scala-execution-context-global-264] WARN  HelperUtils.Parameters$ - v2g#pG>bkMl3"=kR]8RUvS|.pKO!1;
22:23:18.065 [scala-execution-context-global-264] WARN  HelperUtils.Parameters$ - ih``9Y2s%'?v^R|rC+hoU}~OXD(uq@Aw5i(4Jf
22:23:20.642 [scala-execution-context-global-264] INFO  HelperUtils.Parameters$ - U=[+wJ..Op,=@qaOwaE3yE6O=?o)jxy\^V;!;o
22:23:26.552 [scala-execution-context-global-264] INFO  HelperUtils.Parameters$ - /R/<3fK?(j!^lDd9s,?B$,%&
22:23:32.100 [scala-execution-context-global-264] WARN  HelperUtils.Parameters$ - W.$__&4>aceLnw4R6KOASONB";
22:23:40.411 [scala-execution-context-global-264] WARN  HelperUtils.Parameters$ - V<B4H6@XcI:6S5^*83NG6koW#qoD(L]DE;
22:23:42.157 [scala-execution-context-global-264] INFO  HelperUtils.Parameters$ - LSq@8<<=wSl~z-KwV$YY#3Q*_jl|QccnX`2BxX?1d*2c#s
22:23:45.007 [scala-execution-context-global-264] INFO  HelperUtils.Parameters$ - ^|A}yzdj-3w/$*#XuR_i1d!S''h3WzI)
22:23:47.709 [scala-execution-context-global-264] INFO  HelperUtils.Parameters$ - 2lr.Fyv4'mB}RH&\9u\OG7'rUj_B)FMnZ'Y_n6$u[>3m~PP}8i
22:23:55.839 [scala-execution-context-global-264] DEBUG HelperUtils.Parameters$ - oR5!Mp0PQj]4KK/mzkT2=Wz!1WZgh}_53QM8?`&OHy?rQ]f>fKB[htC^md
22:24:01.920 [scala-execution-context-global-264] INFO  HelperUtils.Parameters$ - ooMsH;aEQAWv9`aS+C{57<|jOsg;}H$n:kDn?nRgx*SD+Qc}Vvv5z;}Y=F2[
22:24:11.380 [scala-execution-context-global-264] INFO  HelperUtils.Parameters$ - "~^E"nr{kA~KUy*57z
22:24:14.930 [scala-execution-context-global-264] INFO  HelperUtils.Parameters$ - tZ{*Qa6euv;`:pI)~E]K^ur|uX}utysOV1::>?qgayVzW-
22:24:24.268 [scala-execution-context-global-264] INFO  HelperUtils.Parameters$ - G10`(Kl~'IG9/m89C67M^+
22:24:28.133 [scala-execution-context-global-264] INFO  HelperUtils.Parameters$ - G7qDB-QBy\4;F&osk&KG>v[qS{U<z\6m"xVYxn5s`1|\&p.Yg'ZQ}x
22:24:32.040 [scala-execution-context-global-264] INFO  HelperUtils.Parameters$ - Aa.hx*I#+XdE9C?fWJloK=rC0,vY;^GdmYQnOMgdM?3j@y7H];b,tsd"@~
22:24:36.801 [scala-execution-context-global-264] WARN  HelperUtils.Parameters$ - S90?_mb-j\S")0qd;6EJ./d`Hx+L*1O4EGK]m-ZaeFk5
22:24:39.919 [scala-execution-context-global-264] INFO  HelperUtils.Parameters$ - s/Oy7=rrWA:t%r9E4Fo(}@
22:24:47.680 [scala-execution-context-global-264] WARN  HelperUtils.Parameters$ - _(kj%-#zo[g2T9oqWCs*NX.3Q5a61v&\]KsBE/[A1u7xGy
22:24:57.568 [scala-execution-context-global-264] INFO  HelperUtils.Parameters$ - 1StWy>zC/84"./xgwnP>fuP3l4Grq^0v4NSlLb_:D&
22:25:00.028 [scala-execution-context-global-264] INFO  HelperUtils.Parameters$ - P_<lP/A=9i-m%*;X5F\4tQ8gbf3ag2G7tbe2S7vag2"+NKl>Cjl]W]C|0mVTGC-
22:25:05.397 [scala-execution-context-global-264] INFO  HelperUtils.Parameters$ - w[@+{lI'}3~pSUxo>M(ZU^YX3UnkvFq~=j^hn$Pm.<x(}k*%
22:25:13.001 [scala-execution-context-global-264] INFO  HelperUtils.Parameters$ - k(+RBM)b/e9nRZ[p~c
22:25:18.997 [scala-execution-context-global-264] WARN  HelperUtils.Parameters$ - gq4mzgDK3@#*U8[Ers7~v!%|oZbX8Y>#v3N{lGjX{oA4\&
22:25:27.308 [scala-execution-context-global-264] INFO  HelperUtils.Parameters$ - 5O(V,`<B}]!1(0(U%rwQ=?CzaYm0v'c2\2fOM9\gYkoi
22:25:32.759 [scala-execution-context-global-264] INFO  HelperUtils.Parameters$ - gHm0B_Pii'nu<D;;Qw>-v?MlGglxQj%^qSDRb8MjoEH`rZ;<i[@&C6L%_J=]
22:25:42.110 [scala-execution-context-global-264] INFO  HelperUtils.Parameters$ - )?2+SCzqs]N<0"dqGJaWiD&!
22:25:51.594 [scala-execution-context-global-264] INFO  HelperUtils.Parameters$ - sp1)K\)?7cXP)U`"$)|r;?,l"8^aLL[vOqx]]:al{DjZ5(
22:25:55.460 [scala-execution-context-global-264] WARN  HelperUtils.Parameters$ - 3AaCCg^^REGz|*]Go/eP0y+_c-_l
22:26:01.763 [scala-execution-context-global-264] INFO  HelperUtils.Parameters$ - +U+Yd<"<m%\p):pu>IhJ
22:26:09.410 [scala-execution-context-global-264] WARN  HelperUtils.Parameters$ - ##AUPH$L+6lS*+gk1^o=v>XEC~<8J'iZk4s1lG
22:26:11.115 [scala-execution-context-global-264] WARN  HelperUtils.Parameters$ - 0z9<sZf1PU6cx3j~kiN/Z"oJ
22:26:18.315 [scala-execution-context-global-264] INFO  HelperUtils.Parameters$ - ',vm6A?`?hw<bjRS*c69dO|6eP79nGp%!Ps$
22:26:26.873 [scala-execution-context-global-264] INFO  HelperUtils.Parameters$ - te\-Q(w!Y+ZqBT<X$XJ8[GYPHiq*@tN]|~US`|5_Kqz>':{jN<
22:26:32.615 [scala-execution-context-global-264] INFO  HelperUtils.Parameters$ - _<7*I(^vf;Q,pbz@]Dfo
22:26:39.399 [scala-execution-context-global-264] INFO  HelperUtils.Parameters$ - anaL4>8cvMq@s}^oxa(5{<6^gGj6<Ceu1[Qf$FTV
22:26:42.942 [scala-execution-context-global-264] INFO  HelperUtils.Parameters$ - 1S(jzRuEIUc%t~:sv:v~m-18&5tuOPLLm1_^gqYN5i
22:26:51.066 [scala-execution-context-global-264] INFO  HelperUtils.Parameters$ - AJa"OgRLV}EB+5T<6lgD"~BHSN;9>>dFG=Ql|k>N%T]Xrr
22:26:57.518 [scala-execution-context-global-264] INFO  HelperUtils.Parameters$ - %6$I*\}0H+2dbXim$28RjijR%W([kMPtUJ~o@/_t
22:27:02.663 [scala-execution-context-global-264] INFO  HelperUtils.Parameters$ - :1A_LM7.;yw|#lwkcZ~pvQX;Vfd5e3dt(o^,~W?#"K~KuXVz*aFk
22:27:07.705 [scala-execution-context-global-264] WARN  HelperUtils.Parameters$ - &RE|H*ma;@/YrgAT0Sx^(w}|
22:27:09.453 [scala-execution-context-global-264] WARN  HelperUtils.Parameters$ - /GLZFkw)}Mc~E6wuo5VfWUeXz@c/B3l5^<I5IR}E6p!@
22:27:12.865 [scala-execution-context-global-264] INFO  HelperUtils.Parameters$ - xnH?hAzuO7qX8ibg2ce1C6gX6kz=FzW\*T
22:27:15.918 [scala-execution-context-global-264] INFO  HelperUtils.Parameters$ - p)[JMYN2:Tni'\6xWqDrd;Ci3&qkGIs&Qo=qs@]w9'azI%i,P8
22:27:18.622 [scala-execution-context-global-264] DEBUG HelperUtils.Parameters$ - DXtOwLK7iBI"B<hEVF<9O)["b2^$
22:28:42.751 [sbt-bg-threads-1] INFO  GenerateLogData$ - Log data generator started...
22:28:42.988 [sbt-bg-threads-1] WARN  HelperUtils.Parameters$ - Max count 100 is used to create records instead of timeouts
22:28:51.820 [scala-execution-context-global-202] WARN  HelperUtils.Parameters$ - s%]s,+2k|D}K7b/XCwG&@7HDPR8z
22:28:58.146 [scala-execution-context-global-202] INFO  HelperUtils.Parameters$ - ;kNI&V%v<c#eSDK@lPY(
22:29:05.978 [scala-execution-context-global-202] INFO  HelperUtils.Parameters$ - l9]|92!uHUQ/IVcz~(;.Uz%K*5jTUd08
22:29:14.754 [scala-execution-context-global-202] INFO  HelperUtils.Parameters$ - G3sw7^U<^q^Cl!aMTDbNz<:$;?e<.0JD_'
22:29:22.461 [scala-execution-context-global-202] WARN  HelperUtils.Parameters$ - A><YFqpg+~"E1T
22:29:26.694 [scala-execution-context-global-202] DEBUG HelperUtils.Parameters$ - JrQB;P0"&+6;&Dk-
22:29:35.889 [scala-execution-context-global-202] INFO  HelperUtils.Parameters$ - OsI1`qAeU5H;\+
22:29:37.382 [scala-execution-context-global-202] INFO  HelperUtils.Parameters$ - [h!Q9PEY>L(NpKLBO"Gjo:=4kRXQ_tZ!
22:29:46.469 [scala-execution-context-global-202] INFO  HelperUtils.Parameters$ - B?y&C"C5rsb:2037;f&|vM#x?z|Ny|&<44Z8B&rF1#&M
22:29:56.352 [scala-execution-context-global-202] WARN  HelperUtils.Parameters$ - x2oBSI0/\%CdfV2%ChSsnZ7vJo=2qJqZ%."kbc!0ne`y&m
22:30:02.727 [scala-execution-context-global-202] ERROR HelperUtils.Parameters$ - ihu}!A2]*07}|,lc
22:30:09.164 [scala-execution-context-global-202] INFO  HelperUtils.Parameters$ - CC]>~R#,^#0JWyESarZdETDcvk)Yk'I?
22:30:10.911 [scala-execution-context-global-202] WARN  HelperUtils.Parameters$ - Swq;g+6M:?820=Gmd#.p)sFaqoKc^mm](.A8Z-4-].tp|cfR\~rc(m^{
22:30:16.999 [scala-execution-context-global-202] INFO  HelperUtils.Parameters$ - zXK=Fze%-6Iv-^q{zhG|EUzvd);tOj-:
22:30:26.639 [scala-execution-context-global-202] INFO  HelperUtils.Parameters$ - ^<A>61@{3[KEk@M/Xh-q%sco3Dkwq~
22:30:36.311 [scala-execution-context-global-202] WARN  HelperUtils.Parameters$ - Bv^B8Re'$VG)[P".g*?f<G\l5n.18B|i<E&rgPQZ;wBeA{4O/fy+Pp
22:30:42.065 [scala-execution-context-global-202] WARN  HelperUtils.Parameters$ - k1H+R#/%d0>Q>N:6\enT]U
22:30:48.315 [scala-execution-context-global-202] INFO  HelperUtils.Parameters$ - 8G;,3m_T`G#H]&Yh:Ei1%fp''5`cf3bg1af0bf1be1cg3%<Bqz8fMm#{JWqMdoc_2N/|wf8]
22:30:49.636 [scala-execution-context-global-202] DEBUG HelperUtils.Parameters$ - t0uphK[`A*jqNnQhbu]},6
